{"C:\\Users\\rache\\Documents\\WebDev-Stuff\\Belajar\\Personal Projects\\phonebook\\src\\App.tsx": {"path":"C:\\Users\\rache\\Documents\\WebDev-Stuff\\Belajar\\Personal Projects\\phonebook\\src\\App.tsx","statementMap":{"0":{"start":{"line":13,"column":31},"end":{"line":13,"column":null}},"1":{"start":{"line":14,"column":44},"end":{"line":14,"column":null}},"2":{"start":{"line":15,"column":30},"end":{"line":15,"column":null}},"3":{"start":{"line":16,"column":40},"end":{"line":16,"column":null}},"4":{"start":{"line":17,"column":36},"end":{"line":17,"column":null}},"5":{"start":{"line":18,"column":42},"end":{"line":18,"column":null}},"6":{"start":{"line":19,"column":40},"end":{"line":20,"column":null}},"7":{"start":{"line":23,"column":29},"end":{"line":33,"column":null}},"8":{"start":{"line":24,"column":4},"end":{"line":32,"column":5}},"9":{"start":{"line":25,"column":6},"end":{"line":25,"column":null}},"10":{"start":{"line":27,"column":6},"end":{"line":30,"column":null}},"11":{"start":{"line":28,"column":8},"end":{"line":30,"column":null}},"12":{"start":{"line":35,"column":28},"end":{"line":47,"column":null}},"13":{"start":{"line":36,"column":4},"end":{"line":46,"column":5}},"14":{"start":{"line":37,"column":6},"end":{"line":37,"column":null}},"15":{"start":{"line":39,"column":6},"end":{"line":45,"column":null}},"16":{"start":{"line":41,"column":10},"end":{"line":43,"column":null}},"17":{"start":{"line":49,"column":2},"end":{"line":54,"column":null}},"18":{"start":{"line":50,"column":4},"end":{"line":53,"column":5}},"19":{"start":{"line":52,"column":6},"end":{"line":52,"column":null}},"20":{"start":{"line":56,"column":2},"end":{"line":58,"column":null}},"21":{"start":{"line":57,"column":4},"end":{"line":57,"column":null}},"22":{"start":{"line":60,"column":26},"end":{"line":72,"column":null}},"23":{"start":{"line":62,"column":26},"end":{"line":62,"column":null}},"24":{"start":{"line":63,"column":32},"end":{"line":63,"column":null}},"25":{"start":{"line":63,"column":62},"end":{"line":63,"column":87}},"26":{"start":{"line":64,"column":6},"end":{"line":70,"column":7}},"27":{"start":{"line":65,"column":8},"end":{"line":65,"column":null}},"28":{"start":{"line":65,"column":56},"end":{"line":65,"column":81}},"29":{"start":{"line":66,"column":8},"end":{"line":66,"column":null}},"30":{"start":{"line":68,"column":8},"end":{"line":68,"column":null}},"31":{"start":{"line":69,"column":8},"end":{"line":69,"column":null}},"32":{"start":{"line":69,"column":59},"end":{"line":69,"column":88}},"33":{"start":{"line":75,"column":24},"end":{"line":77,"column":null}},"34":{"start":{"line":76,"column":4},"end":{"line":76,"column":null}},"35":{"start":{"line":76,"column":62},"end":{"line":76,"column":72}},"36":{"start":{"line":79,"column":27},"end":{"line":81,"column":null}},"37":{"start":{"line":80,"column":4},"end":{"line":80,"column":null}},"38":{"start":{"line":92,"column":14},"end":{"line":95,"column":null}},"39":{"start":{"line":105,"column":14},"end":{"line":107,"column":null}},"40":{"start":{"line":116,"column":16},"end":{"line":116,"column":null}},"41":{"start":{"line":119,"column":16},"end":{"line":119,"column":null}}},"fnMap":{"0":{"name":"App","decl":{"start":{"line":12,"column":9},"end":{"line":12,"column":15}},"loc":{"start":{"line":12,"column":15},"end":{"line":129,"column":null}}},"1":{"name":"(anonymous_1)","decl":{"start":{"line":23,"column":41},"end":{"line":23,"column":47}},"loc":{"start":{"line":23,"column":47},"end":{"line":33,"column":5}}},"2":{"name":"(anonymous_2)","decl":{"start":{"line":27,"column":33},"end":{"line":27,"column":34}},"loc":{"start":{"line":28,"column":8},"end":{"line":30,"column":null}}},"3":{"name":"(anonymous_3)","decl":{"start":{"line":35,"column":40},"end":{"line":35,"column":46}},"loc":{"start":{"line":35,"column":46},"end":{"line":47,"column":5}}},"4":{"name":"(anonymous_4)","decl":{"start":{"line":40,"column":16},"end":{"line":40,"column":17}},"loc":{"start":{"line":41,"column":10},"end":{"line":43,"column":null}}},"5":{"name":"(anonymous_5)","decl":{"start":{"line":49,"column":12},"end":{"line":49,"column":18}},"loc":{"start":{"line":49,"column":18},"end":{"line":54,"column":5}}},"6":{"name":"(anonymous_6)","decl":{"start":{"line":56,"column":12},"end":{"line":56,"column":18}},"loc":{"start":{"line":56,"column":18},"end":{"line":58,"column":5}}},"7":{"name":"(anonymous_7)","decl":{"start":{"line":61,"column":4},"end":{"line":61,"column":5}},"loc":{"start":{"line":61,"column":39},"end":{"line":71,"column":null}}},"8":{"name":"(anonymous_8)","decl":{"start":{"line":63,"column":49},"end":{"line":63,"column":50}},"loc":{"start":{"line":63,"column":62},"end":{"line":63,"column":87}}},"9":{"name":"(anonymous_9)","decl":{"start":{"line":65,"column":43},"end":{"line":65,"column":44}},"loc":{"start":{"line":65,"column":56},"end":{"line":65,"column":81}}},"10":{"name":"(anonymous_10)","decl":{"start":{"line":69,"column":42},"end":{"line":69,"column":43}},"loc":{"start":{"line":69,"column":59},"end":{"line":69,"column":88}}},"11":{"name":"(anonymous_11)","decl":{"start":{"line":75,"column":24},"end":{"line":75,"column":25}},"loc":{"start":{"line":75,"column":40},"end":{"line":77,"column":null}}},"12":{"name":"(anonymous_12)","decl":{"start":{"line":76,"column":56},"end":{"line":76,"column":62}},"loc":{"start":{"line":76,"column":62},"end":{"line":76,"column":72}}},"13":{"name":"(anonymous_13)","decl":{"start":{"line":79,"column":27},"end":{"line":79,"column":28}},"loc":{"start":{"line":79,"column":51},"end":{"line":81,"column":null}}},"14":{"name":"(anonymous_14)","decl":{"start":{"line":91,"column":38},"end":{"line":91,"column":39}},"loc":{"start":{"line":92,"column":14},"end":{"line":95,"column":null}}},"15":{"name":"(anonymous_15)","decl":{"start":{"line":104,"column":37},"end":{"line":104,"column":38}},"loc":{"start":{"line":105,"column":14},"end":{"line":107,"column":null}}},"16":{"name":"(anonymous_16)","decl":{"start":{"line":115,"column":24},"end":{"line":115,"column":30}},"loc":{"start":{"line":115,"column":30},"end":{"line":117,"column":null}}},"17":{"name":"(anonymous_17)","decl":{"start":{"line":118,"column":22},"end":{"line":118,"column":28}},"loc":{"start":{"line":118,"column":28},"end":{"line":120,"column":null}}}},"branchMap":{"0":{"loc":{"start":{"line":20,"column":4},"end":{"line":20,"column":64}},"type":"cond-expr","locations":[{"start":{"line":20,"column":27},"end":{"line":20,"column":62}},{"start":{"line":20,"column":62},"end":{"line":20,"column":64}}]},"1":{"loc":{"start":{"line":24,"column":4},"end":{"line":32,"column":5}},"type":"if","locations":[{"start":{"line":24,"column":4},"end":{"line":32,"column":5}},{"start":{"line":26,"column":11},"end":{"line":32,"column":5}}]},"2":{"loc":{"start":{"line":36,"column":4},"end":{"line":46,"column":5}},"type":"if","locations":[{"start":{"line":36,"column":4},"end":{"line":46,"column":5}},{"start":{"line":38,"column":11},"end":{"line":46,"column":5}}]},"3":{"loc":{"start":{"line":50,"column":4},"end":{"line":53,"column":5}},"type":"if","locations":[{"start":{"line":50,"column":4},"end":{"line":53,"column":5}}]},"4":{"loc":{"start":{"line":64,"column":6},"end":{"line":70,"column":7}},"type":"if","locations":[{"start":{"line":64,"column":6},"end":{"line":70,"column":7}},{"start":{"line":67,"column":13},"end":{"line":70,"column":7}}]},"5":{"loc":{"start":{"line":84,"column":7},"end":{"line":84,"column":18}},"type":"binary-expr","locations":[{"start":{"line":84,"column":7},"end":{"line":84,"column":18}}]},"6":{"loc":{"start":{"line":85,"column":7},"end":{"line":85,"column":16}},"type":"binary-expr","locations":[{"start":{"line":85,"column":7},"end":{"line":85,"column":16}}]},"7":{"loc":{"start":{"line":86,"column":7},"end":{"line":86,"column":null}},"type":"binary-expr","locations":[{"start":{"line":86,"column":7},"end":{"line":86,"column":null}}]}},"s":{"0":0,"1":0,"2":0,"3":0,"4":0,"5":0,"6":0,"7":0,"8":0,"9":0,"10":0,"11":0,"12":0,"13":0,"14":0,"15":0,"16":0,"17":0,"18":0,"19":0,"20":0,"21":0,"22":0,"23":0,"24":0,"25":0,"26":0,"27":0,"28":0,"29":0,"30":0,"31":0,"32":0,"33":0,"34":0,"35":0,"36":0,"37":0,"38":0,"39":0,"40":0,"41":0},"f":{"0":0,"1":0,"2":0,"3":0,"4":0,"5":0,"6":0,"7":0,"8":0,"9":0,"10":0,"11":0,"12":0,"13":0,"14":0,"15":0,"16":0,"17":0},"b":{"0":[0,0],"1":[0,0],"2":[0,0],"3":[0],"4":[0,0],"5":[0],"6":[0],"7":[0]}}
,"C:\\Users\\rache\\Documents\\WebDev-Stuff\\Belajar\\Personal Projects\\phonebook\\src\\components\\Contact\\index.styles.tsx": {"path":"C:\\Users\\rache\\Documents\\WebDev-Stuff\\Belajar\\Personal Projects\\phonebook\\src\\components\\Contact\\index.styles.tsx","statementMap":{"0":{"start":{"line":9,"column":13},"end":{"line":9,"column":24}},"1":{"start":{"line":14,"column":13},"end":{"line":14,"column":24}},"2":{"start":{"line":19,"column":13},"end":{"line":19,"column":35}},"3":{"start":{"line":23,"column":0},"end":{"line":23,"column":15}},"4":{"start":{"line":1,"column":19},"end":{"line":1,"column":null}},"5":{"start":{"line":3,"column":25},"end":{"line":8,"column":1}},"6":{"start":{"line":9,"column":27},"end":{"line":12,"column":1}},"7":{"start":{"line":14,"column":27},"end":{"line":17,"column":1}},"8":{"start":{"line":19,"column":38},"end":{"line":22,"column":1}},"9":{"start":{"line":23,"column":15},"end":{"line":23,"column":31}}},"fnMap":{"0":{"name":"(anonymous_1)","decl":{"start":{"line":9,"column":24},"end":{"line":9,"column":27}},"loc":{"start":{"line":9,"column":13},"end":{"line":9,"column":24}}},"1":{"name":"(anonymous_2)","decl":{"start":{"line":14,"column":24},"end":{"line":14,"column":27}},"loc":{"start":{"line":14,"column":13},"end":{"line":14,"column":24}}},"2":{"name":"(anonymous_3)","decl":{"start":{"line":19,"column":35},"end":{"line":19,"column":38}},"loc":{"start":{"line":19,"column":13},"end":{"line":19,"column":35}}},"3":{"name":"(anonymous_4)","decl":{"start":{"line":23,"column":31},"end":{"line":23,"column":null}},"loc":{"start":{"line":23,"column":0},"end":{"line":23,"column":15}}}},"branchMap":{},"s":{"0":9,"1":10,"2":9,"3":9,"4":1,"5":1,"6":1,"7":1,"8":1,"9":1},"f":{"0":9,"1":10,"2":9,"3":9},"b":{}}
,"C:\\Users\\rache\\Documents\\WebDev-Stuff\\Belajar\\Personal Projects\\phonebook\\src\\components\\Contact\\index.tsx": {"path":"C:\\Users\\rache\\Documents\\WebDev-Stuff\\Belajar\\Personal Projects\\phonebook\\src\\components\\Contact\\index.tsx","statementMap":{"0":{"start":{"line":63,"column":0},"end":{"line":63,"column":15}},"1":{"start":{"line":1,"column":32},"end":{"line":1,"column":null}},"2":{"start":{"line":2,"column":83},"end":{"line":2,"column":null}},"3":{"start":{"line":3,"column":48},"end":{"line":3,"column":null}},"4":{"start":{"line":4,"column":49},"end":{"line":4,"column":null}},"5":{"start":{"line":5,"column":45},"end":{"line":5,"column":null}},"6":{"start":{"line":6,"column":43},"end":{"line":6,"column":null}},"7":{"start":{"line":13,"column":36},"end":{"line":13,"column":null}},"8":{"start":{"line":26,"column":40},"end":{"line":61,"column":null}},"9":{"start":{"line":27,"column":60},"end":{"line":27,"column":null}},"10":{"start":{"line":37,"column":14},"end":{"line":37,"column":null}},"11":{"start":{"line":44,"column":46},"end":{"line":44,"column":78}},"12":{"start":{"line":46,"column":54},"end":{"line":46,"column":75}},"13":{"start":{"line":48,"column":53},"end":{"line":48,"column":74}},"14":{"start":{"line":50,"column":48},"end":{"line":50,"column":70}},"15":{"start":{"line":54,"column":23},"end":{"line":54,"column":null}},"16":{"start":{"line":63,"column":15},"end":{"line":63,"column":null}}},"fnMap":{"0":{"name":"(anonymous_0)","decl":{"start":{"line":63,"column":0},"end":{"line":63,"column":15}},"loc":{"start":{"line":63,"column":0},"end":{"line":63,"column":15}}},"1":{"name":"(anonymous_5)","decl":{"start":{"line":26,"column":40},"end":{"line":26,"column":41}},"loc":{"start":{"line":26,"column":100},"end":{"line":61,"column":null}}},"2":{"name":"(anonymous_6)","decl":{"start":{"line":36,"column":32},"end":{"line":36,"column":33}},"loc":{"start":{"line":37,"column":14},"end":{"line":37,"column":null}}},"3":{"name":"(anonymous_7)","decl":{"start":{"line":44,"column":40},"end":{"line":44,"column":46}},"loc":{"start":{"line":44,"column":46},"end":{"line":44,"column":78}}},"4":{"name":"(anonymous_8)","decl":{"start":{"line":46,"column":48},"end":{"line":46,"column":54}},"loc":{"start":{"line":46,"column":54},"end":{"line":46,"column":75}}},"5":{"name":"(anonymous_9)","decl":{"start":{"line":48,"column":47},"end":{"line":48,"column":53}},"loc":{"start":{"line":48,"column":53},"end":{"line":48,"column":74}}},"6":{"name":"(anonymous_10)","decl":{"start":{"line":50,"column":42},"end":{"line":50,"column":48}},"loc":{"start":{"line":50,"column":48},"end":{"line":50,"column":70}}},"7":{"name":"(anonymous_11)","decl":{"start":{"line":54,"column":17},"end":{"line":54,"column":23}},"loc":{"start":{"line":54,"column":23},"end":{"line":54,"column":null}}}},"branchMap":{"0":{"loc":{"start":{"line":38,"column":32},"end":{"line":38,"column":84}},"type":"cond-expr","locations":[{"start":{"line":38,"column":70},"end":{"line":38,"column":75}},{"start":{"line":38,"column":75},"end":{"line":38,"column":84}}]},"1":{"loc":{"start":{"line":45,"column":11},"end":{"line":49,"column":null}},"type":"cond-expr","locations":[{"start":{"line":46,"column":12},"end":{"line":48,"column":13}},{"start":{"line":48,"column":12},"end":{"line":49,"column":null}}]}},"s":{"0":6,"1":1,"2":1,"3":1,"4":1,"5":1,"6":1,"7":1,"8":1,"9":9,"10":10,"11":2,"12":1,"13":1,"14":1,"15":1,"16":1},"f":{"0":6,"1":9,"2":10,"3":2,"4":1,"5":1,"6":1,"7":1},"b":{"0":[9,1],"1":[2,7]}}
,"C:\\Users\\rache\\Documents\\WebDev-Stuff\\Belajar\\Personal Projects\\phonebook\\src\\components\\CreateEditContactDialog\\index.styles.tsx": {"path":"C:\\Users\\rache\\Documents\\WebDev-Stuff\\Belajar\\Personal Projects\\phonebook\\src\\components\\CreateEditContactDialog\\index.styles.tsx","statementMap":{"0":{"start":{"line":18,"column":13},"end":{"line":18,"column":26}},"1":{"start":{"line":31,"column":13},"end":{"line":31,"column":25}},"2":{"start":{"line":37,"column":13},"end":{"line":37,"column":23}},"3":{"start":{"line":44,"column":13},"end":{"line":44,"column":25}},"4":{"start":{"line":59,"column":0},"end":{"line":59,"column":15}},"5":{"start":{"line":1,"column":19},"end":{"line":1,"column":null}},"6":{"start":{"line":3,"column":15},"end":{"line":16,"column":1}},"7":{"start":{"line":5,"column":41},"end":{"line":5,"column":69}},"8":{"start":{"line":18,"column":29},"end":{"line":29,"column":1}},"9":{"start":{"line":31,"column":28},"end":{"line":36,"column":1}},"10":{"start":{"line":37,"column":26},"end":{"line":42,"column":1}},"11":{"start":{"line":44,"column":28},"end":{"line":58,"column":1}},"12":{"start":{"line":59,"column":15},"end":{"line":59,"column":22}}},"fnMap":{"0":{"name":"(anonymous_1)","decl":{"start":{"line":18,"column":26},"end":{"line":18,"column":29}},"loc":{"start":{"line":18,"column":13},"end":{"line":18,"column":26}}},"1":{"name":"(anonymous_2)","decl":{"start":{"line":31,"column":25},"end":{"line":31,"column":28}},"loc":{"start":{"line":31,"column":13},"end":{"line":31,"column":25}}},"2":{"name":"(anonymous_3)","decl":{"start":{"line":37,"column":23},"end":{"line":37,"column":26}},"loc":{"start":{"line":37,"column":13},"end":{"line":37,"column":23}}},"3":{"name":"(anonymous_4)","decl":{"start":{"line":44,"column":25},"end":{"line":44,"column":28}},"loc":{"start":{"line":44,"column":13},"end":{"line":44,"column":25}}},"4":{"name":"(anonymous_5)","decl":{"start":{"line":59,"column":22},"end":{"line":59,"column":null}},"loc":{"start":{"line":59,"column":0},"end":{"line":59,"column":15}}},"5":{"name":"(anonymous_7)","decl":{"start":{"line":5,"column":12},"end":{"line":5,"column":13}},"loc":{"start":{"line":5,"column":41},"end":{"line":5,"column":69}}}},"branchMap":{"0":{"loc":{"start":{"line":5,"column":41},"end":{"line":5,"column":69}},"type":"cond-expr","locations":[{"start":{"line":5,"column":54},"end":{"line":5,"column":63}},{"start":{"line":5,"column":63},"end":{"line":5,"column":69}}]}},"s":{"0":9,"1":9,"2":9,"3":9,"4":9,"5":1,"6":1,"7":9,"8":1,"9":1,"10":1,"11":1,"12":1},"f":{"0":9,"1":9,"2":9,"3":9,"4":9,"5":9},"b":{"0":[2,7]}}
,"C:\\Users\\rache\\Documents\\WebDev-Stuff\\Belajar\\Personal Projects\\phonebook\\src\\components\\CreateEditContactDialog\\index.tsx": {"path":"C:\\Users\\rache\\Documents\\WebDev-Stuff\\Belajar\\Personal Projects\\phonebook\\src\\components\\CreateEditContactDialog\\index.tsx","statementMap":{"0":{"start":{"line":111,"column":0},"end":{"line":111,"column":15}},"1":{"start":{"line":1,"column":18},"end":{"line":1,"column":null}},"2":{"start":{"line":2,"column":78},"end":{"line":2,"column":null}},"3":{"start":{"line":8,"column":7},"end":{"line":8,"column":null}},"4":{"start":{"line":9,"column":44},"end":{"line":9,"column":null}},"5":{"start":{"line":10,"column":22},"end":{"line":10,"column":null}},"6":{"start":{"line":11,"column":24},"end":{"line":11,"column":null}},"7":{"start":{"line":12,"column":47},"end":{"line":12,"column":null}},"8":{"start":{"line":13,"column":35},"end":{"line":13,"column":null}},"9":{"start":{"line":14,"column":40},"end":{"line":14,"column":null}},"10":{"start":{"line":15,"column":19},"end":{"line":15,"column":null}},"11":{"start":{"line":25,"column":72},"end":{"line":109,"column":null}},"12":{"start":{"line":31,"column":54},"end":{"line":37,"column":null}},"13":{"start":{"line":39,"column":28},"end":{"line":39,"column":null}},"14":{"start":{"line":40,"column":33},"end":{"line":40,"column":null}},"15":{"start":{"line":42,"column":19},"end":{"line":78,"column":null}},"16":{"start":{"line":43,"column":21},"end":{"line":43,"column":null}},"17":{"start":{"line":45,"column":4},"end":{"line":77,"column":5}},"18":{"start":{"line":47,"column":21},"end":{"line":47,"column":99}},"19":{"start":{"line":50,"column":6},"end":{"line":50,"column":null}},"20":{"start":{"line":51,"column":6},"end":{"line":51,"column":null}},"21":{"start":{"line":52,"column":6},"end":{"line":52,"column":null}},"22":{"start":{"line":54,"column":6},"end":{"line":74,"column":7}},"23":{"start":{"line":55,"column":8},"end":{"line":64,"column":null}},"24":{"start":{"line":63,"column":29},"end":{"line":63,"column":null}},"25":{"start":{"line":66,"column":8},"end":{"line":73,"column":null}},"26":{"start":{"line":70,"column":50},"end":{"line":70,"column":62}},"27":{"start":{"line":72,"column":29},"end":{"line":72,"column":null}},"28":{"start":{"line":75,"column":6},"end":{"line":75,"column":null}},"29":{"start":{"line":76,"column":6},"end":{"line":76,"column":null}},"30":{"start":{"line":81,"column":37},"end":{"line":81,"column":null}},"31":{"start":{"line":111,"column":15},"end":{"line":111,"column":null}}},"fnMap":{"0":{"name":"(anonymous_0)","decl":{"start":{"line":111,"column":0},"end":{"line":111,"column":15}},"loc":{"start":{"line":111,"column":0},"end":{"line":111,"column":15}}},"1":{"name":"(anonymous_5)","decl":{"start":{"line":25,"column":72},"end":{"line":25,"column":73}},"loc":{"start":{"line":30,"column":6},"end":{"line":109,"column":null}}},"2":{"name":"(anonymous_6)","decl":{"start":{"line":42,"column":19},"end":{"line":42,"column":26}},"loc":{"start":{"line":42,"column":57},"end":{"line":78,"column":null}}},"3":{"name":"(anonymous_7)","decl":{"start":{"line":47,"column":8},"end":{"line":47,"column":9}},"loc":{"start":{"line":47,"column":21},"end":{"line":47,"column":99}}},"4":{"name":"(anonymous_8)","decl":{"start":{"line":63,"column":23},"end":{"line":63,"column":29}},"loc":{"start":{"line":63,"column":29},"end":{"line":63,"column":null}}},"5":{"name":"(anonymous_9)","decl":{"start":{"line":70,"column":39},"end":{"line":70,"column":40}},"loc":{"start":{"line":70,"column":50},"end":{"line":70,"column":62}}},"6":{"name":"(anonymous_10)","decl":{"start":{"line":72,"column":23},"end":{"line":72,"column":29}},"loc":{"start":{"line":72,"column":29},"end":{"line":72,"column":null}}},"7":{"name":"(anonymous_11)","decl":{"start":{"line":81,"column":30},"end":{"line":81,"column":31}},"loc":{"start":{"line":81,"column":37},"end":{"line":81,"column":null}}}},"branchMap":{"0":{"loc":{"start":{"line":33,"column":18},"end":{"line":33,"column":null}},"type":"binary-expr","locations":[{"start":{"line":33,"column":18},"end":{"line":33,"column":36}},{"start":{"line":33,"column":41},"end":{"line":33,"column":null}}]},"1":{"loc":{"start":{"line":33,"column":18},"end":{"line":33,"column":36}},"type":"cond-expr","locations":[{"start":{"line":33,"column":18},"end":{"line":33,"column":27}},{"start":{"line":33,"column":18},"end":{"line":33,"column":36}}]},"2":{"loc":{"start":{"line":33,"column":18},"end":{"line":33,"column":27}},"type":"binary-expr","locations":[{"start":{"line":33,"column":18},"end":{"line":33,"column":27}},{"start":{"line":33,"column":18},"end":{"line":33,"column":27}}]},"3":{"loc":{"start":{"line":34,"column":17},"end":{"line":34,"column":null}},"type":"binary-expr","locations":[{"start":{"line":34,"column":17},"end":{"line":34,"column":34}},{"start":{"line":34,"column":39},"end":{"line":34,"column":null}}]},"4":{"loc":{"start":{"line":34,"column":17},"end":{"line":34,"column":34}},"type":"cond-expr","locations":[{"start":{"line":34,"column":17},"end":{"line":34,"column":26}},{"start":{"line":34,"column":17},"end":{"line":34,"column":34}}]},"5":{"loc":{"start":{"line":34,"column":17},"end":{"line":34,"column":26}},"type":"binary-expr","locations":[{"start":{"line":34,"column":17},"end":{"line":34,"column":26}},{"start":{"line":34,"column":17},"end":{"line":34,"column":26}}]},"6":{"loc":{"start":{"line":35,"column":14},"end":{"line":35,"column":35}},"type":"binary-expr","locations":[{"start":{"line":35,"column":14},"end":{"line":35,"column":28}},{"start":{"line":35,"column":33},"end":{"line":35,"column":35}}]},"7":{"loc":{"start":{"line":35,"column":14},"end":{"line":35,"column":28}},"type":"cond-expr","locations":[{"start":{"line":35,"column":14},"end":{"line":35,"column":23}},{"start":{"line":35,"column":14},"end":{"line":35,"column":28}}]},"8":{"loc":{"start":{"line":35,"column":14},"end":{"line":35,"column":23}},"type":"binary-expr","locations":[{"start":{"line":35,"column":14},"end":{"line":35,"column":23}},{"start":{"line":35,"column":14},"end":{"line":35,"column":23}}]},"9":{"loc":{"start":{"line":45,"column":4},"end":{"line":77,"column":5}},"type":"if","locations":[{"start":{"line":45,"column":4},"end":{"line":77,"column":5}},{"start":{"line":53,"column":11},"end":{"line":77,"column":5}}]},"10":{"loc":{"start":{"line":46,"column":6},"end":{"line":47,"column":null}},"type":"binary-expr","locations":[{"start":{"line":46,"column":6},"end":{"line":46,"column":18}},{"start":{"line":46,"column":18},"end":{"line":47,"column":null}}]},"11":{"loc":{"start":{"line":47,"column":21},"end":{"line":47,"column":99}},"type":"binary-expr","locations":[{"start":{"line":47,"column":21},"end":{"line":47,"column":59}},{"start":{"line":47,"column":63},"end":{"line":47,"column":99}}]},"12":{"loc":{"start":{"line":54,"column":6},"end":{"line":74,"column":7}},"type":"if","locations":[{"start":{"line":54,"column":6},"end":{"line":74,"column":7}},{"start":{"line":65,"column":13},"end":{"line":74,"column":7}}]},"13":{"loc":{"start":{"line":83,"column":15},"end":{"line":83,"column":42}},"type":"cond-expr","locations":[{"start":{"line":83,"column":25},"end":{"line":83,"column":34}},{"start":{"line":83,"column":34},"end":{"line":83,"column":42}}]}},"s":{"0":9,"1":1,"2":1,"3":1,"4":1,"5":1,"6":1,"7":1,"8":1,"9":1,"10":1,"11":1,"12":9,"13":9,"14":9,"15":9,"16":0,"17":0,"18":0,"19":0,"20":0,"21":0,"22":0,"23":0,"24":0,"25":0,"26":0,"27":0,"28":0,"29":0,"30":0,"31":1},"f":{"0":9,"1":9,"2":0,"3":0,"4":0,"5":0,"6":0,"7":0},"b":{"0":[9,0],"1":[0,9],"2":[9,9],"3":[9,0],"4":[0,9],"5":[9,9],"6":[9,0],"7":[0,9],"8":[9,9],"9":[0,0],"10":[0,0],"11":[0,0],"12":[0,0],"13":[9,0]}}
,"C:\\Users\\rache\\Documents\\WebDev-Stuff\\Belajar\\Personal Projects\\phonebook\\src\\components\\FormInput\\index.styles.tsx": {"path":"C:\\Users\\rache\\Documents\\WebDev-Stuff\\Belajar\\Personal Projects\\phonebook\\src\\components\\FormInput\\index.styles.tsx","statementMap":{"0":{"start":{"line":10,"column":13},"end":{"line":10,"column":24}},"1":{"start":{"line":17,"column":0},"end":{"line":17,"column":15}},"2":{"start":{"line":1,"column":19},"end":{"line":1,"column":null}},"3":{"start":{"line":3,"column":23},"end":{"line":8,"column":1}},"4":{"start":{"line":10,"column":27},"end":{"line":15,"column":1}},"5":{"start":{"line":17,"column":15},"end":{"line":17,"column":29}}},"fnMap":{"0":{"name":"(anonymous_1)","decl":{"start":{"line":10,"column":24},"end":{"line":10,"column":27}},"loc":{"start":{"line":10,"column":13},"end":{"line":10,"column":24}}},"1":{"name":"(anonymous_2)","decl":{"start":{"line":17,"column":29},"end":{"line":17,"column":null}},"loc":{"start":{"line":17,"column":0},"end":{"line":17,"column":15}}}},"branchMap":{},"s":{"0":46,"1":46,"2":2,"3":2,"4":2,"5":2},"f":{"0":46,"1":46},"b":{}}
,"C:\\Users\\rache\\Documents\\WebDev-Stuff\\Belajar\\Personal Projects\\phonebook\\src\\components\\FormInput\\index.tsx": {"path":"C:\\Users\\rache\\Documents\\WebDev-Stuff\\Belajar\\Personal Projects\\phonebook\\src\\components\\FormInput\\index.tsx","statementMap":{"0":{"start":{"line":31,"column":0},"end":{"line":31,"column":15}},"1":{"start":{"line":1,"column":18},"end":{"line":1,"column":null}},"2":{"start":{"line":2,"column":44},"end":{"line":2,"column":null}},"3":{"start":{"line":11,"column":18},"end":{"line":28,"column":null}},"4":{"start":{"line":31,"column":15},"end":{"line":31,"column":null}}},"fnMap":{"0":{"name":"(anonymous_0)","decl":{"start":{"line":31,"column":0},"end":{"line":31,"column":15}},"loc":{"start":{"line":31,"column":0},"end":{"line":31,"column":15}}},"1":{"name":"(anonymous_5)","decl":{"start":{"line":12,"column":2},"end":{"line":12,"column":3}},"loc":{"start":{"line":12,"column":63},"end":{"line":28,"column":null}}}},"branchMap":{"0":{"loc":{"start":{"line":15,"column":9},"end":{"line":15,"column":18}},"type":"binary-expr","locations":[{"start":{"line":15,"column":9},"end":{"line":15,"column":18}}]}},"s":{"0":46,"1":2,"2":2,"3":2,"4":2},"f":{"0":46,"1":46},"b":{"0":[46]}}
,"C:\\Users\\rache\\Documents\\WebDev-Stuff\\Belajar\\Personal Projects\\phonebook\\src\\components\\PageContainer\\index.tsx": {"path":"C:\\Users\\rache\\Documents\\WebDev-Stuff\\Belajar\\Personal Projects\\phonebook\\src\\components\\PageContainer\\index.tsx","statementMap":{"0":{"start":{"line":3,"column":22},"end":{"line":9,"column":1}}},"fnMap":{},"branchMap":{},"s":{"0":0},"f":{},"b":{}}
,"C:\\Users\\rache\\Documents\\WebDev-Stuff\\Belajar\\Personal Projects\\phonebook\\src\\components\\PageHeader\\index.styles.tsx": {"path":"C:\\Users\\rache\\Documents\\WebDev-Stuff\\Belajar\\Personal Projects\\phonebook\\src\\components\\PageHeader\\index.styles.tsx","statementMap":{"0":{"start":{"line":5,"column":24},"end":{"line":10,"column":1}},"1":{"start":{"line":12,"column":31},"end":{"line":21,"column":1}},"2":{"start":{"line":23,"column":30},"end":{"line":33,"column":1}},"3":{"start":{"line":35,"column":32},"end":{"line":38,"column":1}},"4":{"start":{"line":39,"column":27},"end":{"line":46,"column":1}}},"fnMap":{},"branchMap":{},"s":{"0":0,"1":0,"2":0,"3":0,"4":0},"f":{},"b":{}}
,"C:\\Users\\rache\\Documents\\WebDev-Stuff\\Belajar\\Personal Projects\\phonebook\\src\\components\\PageHeader\\index.tsx": {"path":"C:\\Users\\rache\\Documents\\WebDev-Stuff\\Belajar\\Personal Projects\\phonebook\\src\\components\\PageHeader\\index.tsx","statementMap":{"0":{"start":{"line":11,"column":46},"end":{"line":36,"column":null}},"1":{"start":{"line":12,"column":64},"end":{"line":12,"column":null}},"2":{"start":{"line":13,"column":22},"end":{"line":13,"column":null}},"3":{"start":{"line":25,"column":27},"end":{"line":25,"column":null}},"4":{"start":{"line":28,"column":38},"end":{"line":28,"column":72}},"5":{"start":{"line":31,"column":23},"end":{"line":31,"column":null}}},"fnMap":{"0":{"name":"(anonymous_0)","decl":{"start":{"line":11,"column":46},"end":{"line":11,"column":47}},"loc":{"start":{"line":11,"column":83},"end":{"line":36,"column":null}}},"1":{"name":"(anonymous_1)","decl":{"start":{"line":25,"column":20},"end":{"line":25,"column":21}},"loc":{"start":{"line":25,"column":27},"end":{"line":25,"column":null}}},"2":{"name":"(anonymous_2)","decl":{"start":{"line":28,"column":32},"end":{"line":28,"column":38}},"loc":{"start":{"line":28,"column":38},"end":{"line":28,"column":72}}},"3":{"name":"(anonymous_3)","decl":{"start":{"line":31,"column":17},"end":{"line":31,"column":23}},"loc":{"start":{"line":31,"column":23},"end":{"line":31,"column":null}}}},"branchMap":{},"s":{"0":0,"1":0,"2":0,"3":0,"4":0,"5":0},"f":{"0":0,"1":0,"2":0,"3":0},"b":{}}
,"C:\\Users\\rache\\Documents\\WebDev-Stuff\\Belajar\\Personal Projects\\phonebook\\src\\components\\Pagination\\index.styles.tsx": {"path":"C:\\Users\\rache\\Documents\\WebDev-Stuff\\Belajar\\Personal Projects\\phonebook\\src\\components\\Pagination\\index.styles.tsx","statementMap":{"0":{"start":{"line":3,"column":28},"end":{"line":9,"column":1}},"1":{"start":{"line":11,"column":26},"end":{"line":25,"column":1}},"2":{"start":{"line":27,"column":26},"end":{"line":40,"column":1}},"3":{"start":{"line":35,"column":53},"end":{"line":35,"column":83}}},"fnMap":{"0":{"name":"(anonymous_0)","decl":{"start":{"line":35,"column":21},"end":{"line":35,"column":22}},"loc":{"start":{"line":35,"column":53},"end":{"line":35,"column":83}}}},"branchMap":{"0":{"loc":{"start":{"line":35,"column":53},"end":{"line":35,"column":83}},"type":"cond-expr","locations":[{"start":{"line":35,"column":68},"end":{"line":35,"column":77}},{"start":{"line":35,"column":77},"end":{"line":35,"column":83}}]}},"s":{"0":0,"1":0,"2":0,"3":0},"f":{"0":0},"b":{"0":[0,0]}}
,"C:\\Users\\rache\\Documents\\WebDev-Stuff\\Belajar\\Personal Projects\\phonebook\\src\\components\\Pagination\\index.tsx": {"path":"C:\\Users\\rache\\Documents\\WebDev-Stuff\\Belajar\\Personal Projects\\phonebook\\src\\components\\Pagination\\index.tsx","statementMap":{"0":{"start":{"line":13,"column":46},"end":{"line":48,"column":null}},"1":{"start":{"line":20,"column":29},"end":{"line":26,"column":null}},"2":{"start":{"line":21,"column":18},"end":{"line":21,"column":20}},"3":{"start":{"line":22,"column":4},"end":{"line":24,"column":null}},"4":{"start":{"line":22,"column":17},"end":{"line":22,"column":20}},"5":{"start":{"line":23,"column":6},"end":{"line":23,"column":null}},"6":{"start":{"line":25,"column":4},"end":{"line":25,"column":null}},"7":{"start":{"line":28,"column":1},"end":{"line":28,"column":null}},"8":{"start":{"line":35,"column":8},"end":{"line":36,"column":null}},"9":{"start":{"line":37,"column":25},"end":{"line":37,"column":null}}},"fnMap":{"0":{"name":"(anonymous_0)","decl":{"start":{"line":13,"column":46},"end":{"line":13,"column":47}},"loc":{"start":{"line":19,"column":6},"end":{"line":48,"column":null}}},"1":{"name":"(anonymous_1)","decl":{"start":{"line":20,"column":29},"end":{"line":20,"column":35}},"loc":{"start":{"line":20,"column":35},"end":{"line":26,"column":null}}},"2":{"name":"(anonymous_2)","decl":{"start":{"line":34,"column":32},"end":{"line":34,"column":33}},"loc":{"start":{"line":35,"column":8},"end":{"line":36,"column":null}}},"3":{"name":"(anonymous_3)","decl":{"start":{"line":37,"column":19},"end":{"line":37,"column":25}},"loc":{"start":{"line":37,"column":25},"end":{"line":37,"column":null}}}},"branchMap":{},"s":{"0":0,"1":0,"2":0,"3":0,"4":0,"5":0,"6":0,"7":0,"8":0,"9":0},"f":{"0":0,"1":0,"2":0,"3":0},"b":{}}
,"C:\\Users\\rache\\Documents\\WebDev-Stuff\\Belajar\\Personal Projects\\phonebook\\src\\components\\SectionHeader\\index.tsx": {"path":"C:\\Users\\rache\\Documents\\WebDev-Stuff\\Belajar\\Personal Projects\\phonebook\\src\\components\\SectionHeader\\index.tsx","statementMap":{"0":{"start":{"line":2,"column":22},"end":{"line":5,"column":1}}},"fnMap":{},"branchMap":{},"s":{"0":0},"f":{},"b":{}}
,"C:\\Users\\rache\\Documents\\WebDev-Stuff\\Belajar\\Personal Projects\\phonebook\\src\\services\\client.ts": {"path":"C:\\Users\\rache\\Documents\\WebDev-Stuff\\Belajar\\Personal Projects\\phonebook\\src\\services\\client.ts","statementMap":{"0":{"start":{"line":11,"column":0},"end":{"line":11,"column":15}},"1":{"start":{"line":1,"column":44},"end":{"line":1,"column":null}},"2":{"start":{"line":3,"column":16},"end":{"line":3,"column":40}},"3":{"start":{"line":6,"column":15},"end":{"line":9,"column":null}},"4":{"start":{"line":11,"column":15},"end":{"line":11,"column":null}}},"fnMap":{"0":{"name":"(anonymous_0)","decl":{"start":{"line":11,"column":0},"end":{"line":11,"column":15}},"loc":{"start":{"line":11,"column":0},"end":{"line":11,"column":15}}}},"branchMap":{},"s":{"0":1,"1":1,"2":1,"3":1,"4":1},"f":{"0":1},"b":{}}
,"C:\\Users\\rache\\Documents\\WebDev-Stuff\\Belajar\\Personal Projects\\phonebook\\src\\services\\create.ts": {"path":"C:\\Users\\rache\\Documents\\WebDev-Stuff\\Belajar\\Personal Projects\\phonebook\\src\\services\\create.ts","statementMap":{"0":{"start":{"line":16,"column":13},"end":{"line":16,"column":null}},"1":{"start":{"line":1,"column":39},"end":{"line":1,"column":null}},"2":{"start":{"line":19,"column":4},"end":{"line":38,"column":1}}},"fnMap":{"0":{"name":"(anonymous_0)","decl":{"start":{"line":16,"column":13},"end":{"line":16,"column":null}},"loc":{"start":{"line":16,"column":13},"end":{"line":16,"column":null}}}},"branchMap":{},"s":{"0":9,"1":1,"2":1},"f":{"0":9},"b":{}}
,"C:\\Users\\rache\\Documents\\WebDev-Stuff\\Belajar\\Personal Projects\\phonebook\\src\\services\\delete.ts": {"path":"C:\\Users\\rache\\Documents\\WebDev-Stuff\\Belajar\\Personal Projects\\phonebook\\src\\services\\delete.ts","statementMap":{"0":{"start":{"line":14,"column":108},"end":{"line":22,"column":1}}},"fnMap":{},"branchMap":{},"s":{"0":0},"f":{},"b":{}}
,"C:\\Users\\rache\\Documents\\WebDev-Stuff\\Belajar\\Personal Projects\\phonebook\\src\\services\\edit.ts": {"path":"C:\\Users\\rache\\Documents\\WebDev-Stuff\\Belajar\\Personal Projects\\phonebook\\src\\services\\edit.ts","statementMap":{"0":{"start":{"line":13,"column":13},"end":{"line":13,"column":null}},"1":{"start":{"line":1,"column":39},"end":{"line":1,"column":null}},"2":{"start":{"line":16,"column":4},"end":{"line":27,"column":1}}},"fnMap":{"0":{"name":"(anonymous_0)","decl":{"start":{"line":13,"column":13},"end":{"line":13,"column":null}},"loc":{"start":{"line":13,"column":13},"end":{"line":13,"column":null}}}},"branchMap":{},"s":{"0":9,"1":1,"2":1},"f":{"0":9},"b":{}}
,"C:\\Users\\rache\\Documents\\WebDev-Stuff\\Belajar\\Personal Projects\\phonebook\\src\\services\\list.ts": {"path":"C:\\Users\\rache\\Documents\\WebDev-Stuff\\Belajar\\Personal Projects\\phonebook\\src\\services\\list.ts","statementMap":{"0":{"start":{"line":30,"column":13},"end":{"line":30,"column":97}},"1":{"start":{"line":1,"column":39},"end":{"line":1,"column":null}},"2":{"start":{"line":30,"column":97},"end":{"line":54,"column":1}}},"fnMap":{"0":{"name":"(anonymous_0)","decl":{"start":{"line":30,"column":13},"end":{"line":30,"column":97}},"loc":{"start":{"line":30,"column":13},"end":{"line":30,"column":97}}}},"branchMap":{},"s":{"0":1,"1":1,"2":1},"f":{"0":1},"b":{}}
}
