TN:
SF:src\App.tsx
FN:12,App
FN:23,(anonymous_1)
FN:27,(anonymous_2)
FN:35,(anonymous_3)
FN:40,(anonymous_4)
FN:49,(anonymous_5)
FN:56,(anonymous_6)
FN:61,(anonymous_7)
FN:63,(anonymous_8)
FN:65,(anonymous_9)
FN:69,(anonymous_10)
FN:75,(anonymous_11)
FN:76,(anonymous_12)
FN:79,(anonymous_13)
FN:91,(anonymous_14)
FN:104,(anonymous_15)
FN:115,(anonymous_16)
FN:118,(anonymous_17)
FNF:18
FNH:0
FNDA:0,App
FNDA:0,(anonymous_1)
FNDA:0,(anonymous_2)
FNDA:0,(anonymous_3)
FNDA:0,(anonymous_4)
FNDA:0,(anonymous_5)
FNDA:0,(anonymous_6)
FNDA:0,(anonymous_7)
FNDA:0,(anonymous_8)
FNDA:0,(anonymous_9)
FNDA:0,(anonymous_10)
FNDA:0,(anonymous_11)
FNDA:0,(anonymous_12)
FNDA:0,(anonymous_13)
FNDA:0,(anonymous_14)
FNDA:0,(anonymous_15)
FNDA:0,(anonymous_16)
FNDA:0,(anonymous_17)
DA:13,0
DA:14,0
DA:15,0
DA:16,0
DA:17,0
DA:18,0
DA:19,0
DA:23,0
DA:24,0
DA:25,0
DA:27,0
DA:28,0
DA:35,0
DA:36,0
DA:37,0
DA:39,0
DA:41,0
DA:49,0
DA:50,0
DA:52,0
DA:56,0
DA:57,0
DA:60,0
DA:62,0
DA:63,0
DA:64,0
DA:65,0
DA:66,0
DA:68,0
DA:69,0
DA:75,0
DA:76,0
DA:79,0
DA:80,0
DA:92,0
DA:105,0
DA:116,0
DA:119,0
LF:38
LH:0
BRDA:20,0,0,0
BRDA:20,0,1,0
BRDA:24,1,0,0
BRDA:24,1,1,0
BRDA:36,2,0,0
BRDA:36,2,1,0
BRDA:50,3,0,0
BRDA:64,4,0,0
BRDA:64,4,1,0
BRDA:84,5,0,0
BRDA:85,6,0,0
BRDA:86,7,0,0
BRF:12
BRH:0
end_of_record
TN:
SF:src\components\Contact\index.styles.tsx
FN:9,(anonymous_1)
FN:14,(anonymous_2)
FN:19,(anonymous_3)
FN:23,(anonymous_4)
FNF:4
FNH:4
FNDA:9,(anonymous_1)
FNDA:10,(anonymous_2)
FNDA:9,(anonymous_3)
FNDA:9,(anonymous_4)
DA:1,1
DA:3,1
DA:9,9
DA:14,10
DA:19,9
DA:23,9
LF:6
LH:6
BRF:0
BRH:0
end_of_record
TN:
SF:src\components\Contact\index.tsx
FN:63,(anonymous_0)
FN:26,(anonymous_5)
FN:36,(anonymous_6)
FN:44,(anonymous_7)
FN:46,(anonymous_8)
FN:48,(anonymous_9)
FN:50,(anonymous_10)
FN:54,(anonymous_11)
FNF:8
FNH:8
FNDA:6,(anonymous_0)
FNDA:9,(anonymous_5)
FNDA:10,(anonymous_6)
FNDA:2,(anonymous_7)
FNDA:1,(anonymous_8)
FNDA:1,(anonymous_9)
FNDA:1,(anonymous_10)
FNDA:1,(anonymous_11)
DA:1,1
DA:2,1
DA:3,1
DA:4,1
DA:5,1
DA:6,1
DA:13,1
DA:26,1
DA:27,9
DA:37,10
DA:44,2
DA:46,1
DA:48,1
DA:50,1
DA:54,1
DA:63,6
LF:16
LH:16
BRDA:38,0,0,9
BRDA:38,0,1,1
BRDA:45,1,0,2
BRDA:45,1,1,7
BRF:4
BRH:4
end_of_record
TN:
SF:src\components\CreateEditContactDialog\index.styles.tsx
FN:18,(anonymous_1)
FN:31,(anonymous_2)
FN:37,(anonymous_3)
FN:44,(anonymous_4)
FN:59,(anonymous_5)
FN:5,(anonymous_7)
FNF:6
FNH:6
FNDA:9,(anonymous_1)
FNDA:9,(anonymous_2)
FNDA:9,(anonymous_3)
FNDA:9,(anonymous_4)
FNDA:9,(anonymous_5)
FNDA:9,(anonymous_7)
DA:1,1
DA:3,1
DA:5,9
DA:18,9
DA:31,9
DA:37,9
DA:44,9
DA:59,9
LF:8
LH:8
BRDA:5,0,0,2
BRDA:5,0,1,7
BRF:2
BRH:2
end_of_record
TN:
SF:src\components\CreateEditContactDialog\index.tsx
FN:111,(anonymous_0)
FN:25,(anonymous_5)
FN:42,(anonymous_6)
FN:47,(anonymous_7)
FN:63,(anonymous_8)
FN:70,(anonymous_9)
FN:72,(anonymous_10)
FN:81,(anonymous_11)
FNF:8
FNH:2
FNDA:9,(anonymous_0)
FNDA:9,(anonymous_5)
FNDA:0,(anonymous_6)
FNDA:0,(anonymous_7)
FNDA:0,(anonymous_8)
FNDA:0,(anonymous_9)
FNDA:0,(anonymous_10)
FNDA:0,(anonymous_11)
DA:1,1
DA:2,1
DA:8,1
DA:9,1
DA:10,1
DA:11,1
DA:12,1
DA:13,1
DA:14,1
DA:15,1
DA:25,1
DA:31,9
DA:39,9
DA:40,9
DA:42,9
DA:43,0
DA:45,0
DA:47,0
DA:50,0
DA:51,0
DA:52,0
DA:54,0
DA:55,0
DA:63,0
DA:66,0
DA:70,0
DA:72,0
DA:75,0
DA:76,0
DA:81,0
DA:111,9
LF:31
LH:16
BRDA:33,0,0,9
BRDA:33,0,1,0
BRDA:33,1,0,0
BRDA:33,1,1,9
BRDA:33,2,0,9
BRDA:33,2,1,9
BRDA:34,3,0,9
BRDA:34,3,1,0
BRDA:34,4,0,0
BRDA:34,4,1,9
BRDA:34,5,0,9
BRDA:34,5,1,9
BRDA:35,6,0,9
BRDA:35,6,1,0
BRDA:35,7,0,0
BRDA:35,7,1,9
BRDA:35,8,0,9
BRDA:35,8,1,9
BRDA:45,9,0,0
BRDA:45,9,1,0
BRDA:46,10,0,0
BRDA:46,10,1,0
BRDA:47,11,0,0
BRDA:47,11,1,0
BRDA:54,12,0,0
BRDA:54,12,1,0
BRDA:83,13,0,9
BRDA:83,13,1,0
BRF:28
BRH:13
end_of_record
TN:
SF:src\components\FormInput\index.styles.tsx
FN:10,(anonymous_1)
FN:17,(anonymous_2)
FNF:2
FNH:2
FNDA:46,(anonymous_1)
FNDA:46,(anonymous_2)
DA:1,2
DA:3,2
DA:10,46
DA:17,46
LF:4
LH:4
BRF:0
BRH:0
end_of_record
TN:
SF:src\components\FormInput\index.tsx
FN:31,(anonymous_0)
FN:12,(anonymous_5)
FNF:2
FNH:2
FNDA:46,(anonymous_0)
FNDA:46,(anonymous_5)
DA:1,2
DA:2,2
DA:11,2
DA:31,46
LF:4
LH:4
BRDA:15,0,0,46
BRF:1
BRH:1
end_of_record
TN:
SF:src\components\PageContainer\index.tsx
FNF:0
FNH:0
DA:3,0
LF:1
LH:0
BRF:0
BRH:0
end_of_record
TN:
SF:src\components\PageHeader\index.styles.tsx
FNF:0
FNH:0
DA:5,0
DA:12,0
DA:23,0
DA:35,0
DA:39,0
LF:5
LH:0
BRF:0
BRH:0
end_of_record
TN:
SF:src\components\PageHeader\index.tsx
FN:11,(anonymous_0)
FN:25,(anonymous_1)
FN:28,(anonymous_2)
FN:31,(anonymous_3)
FNF:4
FNH:0
FNDA:0,(anonymous_0)
FNDA:0,(anonymous_1)
FNDA:0,(anonymous_2)
FNDA:0,(anonymous_3)
DA:11,0
DA:12,0
DA:13,0
DA:25,0
DA:28,0
DA:31,0
LF:6
LH:0
BRF:0
BRH:0
end_of_record
TN:
SF:src\components\Pagination\index.styles.tsx
FN:35,(anonymous_0)
FNF:1
FNH:0
FNDA:0,(anonymous_0)
DA:3,0
DA:11,0
DA:27,0
DA:35,0
LF:4
LH:0
BRDA:35,0,0,0
BRDA:35,0,1,0
BRF:2
BRH:0
end_of_record
TN:
SF:src\components\Pagination\index.tsx
FN:13,(anonymous_0)
FN:20,(anonymous_1)
FN:34,(anonymous_2)
FN:37,(anonymous_3)
FNF:4
FNH:0
FNDA:0,(anonymous_0)
FNDA:0,(anonymous_1)
FNDA:0,(anonymous_2)
FNDA:0,(anonymous_3)
DA:13,0
DA:20,0
DA:21,0
DA:22,0
DA:23,0
DA:25,0
DA:28,0
DA:35,0
DA:37,0
LF:9
LH:0
BRF:0
BRH:0
end_of_record
TN:
SF:src\components\SectionHeader\index.tsx
FNF:0
FNH:0
DA:2,0
LF:1
LH:0
BRF:0
BRH:0
end_of_record
TN:
SF:src\services\client.ts
FN:11,(anonymous_0)
FNF:1
FNH:1
FNDA:1,(anonymous_0)
DA:1,1
DA:3,1
DA:6,1
DA:11,1
LF:4
LH:4
BRF:0
BRH:0
end_of_record
TN:
SF:src\services\create.ts
FN:16,(anonymous_0)
FNF:1
FNH:1
FNDA:9,(anonymous_0)
DA:1,1
DA:16,9
DA:19,1
LF:3
LH:3
BRF:0
BRH:0
end_of_record
TN:
SF:src\services\delete.ts
FNF:0
FNH:0
DA:14,0
LF:1
LH:0
BRF:0
BRH:0
end_of_record
TN:
SF:src\services\edit.ts
FN:13,(anonymous_0)
FNF:1
FNH:1
FNDA:9,(anonymous_0)
DA:1,1
DA:13,9
DA:16,1
LF:3
LH:3
BRF:0
BRH:0
end_of_record
TN:
SF:src\services\list.ts
FN:30,(anonymous_0)
FNF:1
FNH:1
FNDA:1,(anonymous_0)
DA:1,1
DA:30,1
LF:2
LH:2
BRF:0
BRH:0
end_of_record
